[2025-02-02T06:50:29.961Z] hi12
[2025-02-02T06:51:12.136Z] hi12
[2025-02-02T06:51:23.577Z] hi12
[2025-02-02T06:53:13.398Z] Error: Table 'global_justice.tbl_delegate_qr_detail' doesn't exist
    at Packet.asError (D:\WebSite\Apis\api.justice-love-peace.com\node_modules\mysql2\lib\packets\packet.js:728:17)
    at Query.execute (D:\WebSite\Apis\api.justice-love-peace.com\node_modules\mysql2\lib\commands\command.js:29:26)
    at Connection.handlePacket (D:\WebSite\Apis\api.justice-love-peace.com\node_modules\mysql2\lib\connection.js:478:34)
    at PacketParser.onPacket (D:\WebSite\Apis\api.justice-love-peace.com\node_modules\mysql2\lib\connection.js:97:12)
    at PacketParser.executeStart (D:\WebSite\Apis\api.justice-love-peace.com\node_modules\mysql2\lib\packet_parser.js:75:16)
    at Socket.<anonymous> (D:\WebSite\Apis\api.justice-love-peace.com\node_modules\mysql2\lib\connection.js:104:25)
    at Socket.emit (node:events:517:28)
    at addChunk (node:internal/streams/readable:368:12)
    at readableAddChunk (node:internal/streams/readable:341:9)
    at Readable.push (node:internal/streams/readable:278:10)
[2025-02-02T06:53:28.162Z] Error: Table 'global_justice.tbl_delegate_qr_detail' doesn't exist
    at Packet.asError (D:\WebSite\Apis\api.justice-love-peace.com\node_modules\mysql2\lib\packets\packet.js:728:17)
    at Query.execute (D:\WebSite\Apis\api.justice-love-peace.com\node_modules\mysql2\lib\commands\command.js:29:26)
    at Connection.handlePacket (D:\WebSite\Apis\api.justice-love-peace.com\node_modules\mysql2\lib\connection.js:478:34)
    at PacketParser.onPacket (D:\WebSite\Apis\api.justice-love-peace.com\node_modules\mysql2\lib\connection.js:97:12)
    at PacketParser.executeStart (D:\WebSite\Apis\api.justice-love-peace.com\node_modules\mysql2\lib\packet_parser.js:75:16)
    at Socket.<anonymous> (D:\WebSite\Apis\api.justice-love-peace.com\node_modules\mysql2\lib\connection.js:104:25)
    at Socket.emit (node:events:517:28)
    at addChunk (node:internal/streams/readable:368:12)
    at readableAddChunk (node:internal/streams/readable:341:9)
    at Readable.push (node:internal/streams/readable:278:10)
[2025-02-02T06:56:49.552Z] D:\WebSite\Apis\api.justice-love-peace.com\src\uploads\delegate_qr\FinalTicket.png
[2025-02-02T06:56:49.553Z] D:\WebSite\Apis\api.justice-love-peace.com\src\uploads\ticket_qr\PTT5SZGAUB.png
[2025-02-02T06:56:49.554Z] D:\WebSite\Apis\api.justice-love-peace.com\src\uploads\delegate_qr\FinalTicket.png
[2025-02-02T06:56:49.553Z] Exists
[2025-02-02T06:56:49.554Z] Exists qrCodePath
[2025-02-02T06:56:49.555Z] D:\WebSite\Apis\api.justice-love-peace.com\src\uploads\ticket_qr\PTT5SZGAUB.png
[2025-02-02T06:56:50.520Z] Mr . Uday
[2025-02-02T06:56:50.525Z] Delegate
[2025-02-02T06:56:50.521Z] Test Test
[2025-02-02T06:56:50.546Z] North Halls,Exhibition,Centre (DEC),,Expo City, ,Dubai
[2025-02-02T06:56:50.597Z] D:\WebSite\Apis\api.justice-love-peace.com\src\uploads\Ticket_photo\PTT5SZGAUB.png
[2025-02-02T06:56:50.525Z] 
[2025-02-02T06:57:07.217Z] sucess_;pdf
[2025-02-02T07:24:19.366Z] D:\WebSite\Apis\api.justice-love-peace.com\src\uploads\delegate_qr\FinalTicket.png
[2025-02-02T07:24:19.367Z] D:\WebSite\Apis\api.justice-love-peace.com\src\uploads\ticket_qr\IIK3XZR6OM.png
[2025-02-02T07:24:19.367Z] Exists
[2025-02-02T07:24:19.368Z] Exists qrCodePath
[2025-02-02T07:24:19.369Z] D:\WebSite\Apis\api.justice-love-peace.com\src\uploads\ticket_qr\IIK3XZR6OM.png
[2025-02-02T07:24:19.368Z] D:\WebSite\Apis\api.justice-love-peace.com\src\uploads\delegate_qr\FinalTicket.png
[2025-02-02T07:24:20.230Z] Prince . Devraj raghuveer
[2025-02-02T07:24:20.233Z] Delegate
[2025-02-02T07:24:20.231Z] singh  Daas param
[2025-02-02T07:24:20.239Z] North Halls,Exhibition,Centre (DEC),,Expo City, ,Dubai
[2025-02-02T07:24:20.297Z] D:\WebSite\Apis\api.justice-love-peace.com\src\uploads\Ticket_photo\IIK3XZR6OM.png
[2025-02-02T07:24:20.234Z] 
[2025-02-02T07:24:35.705Z] sucess_;pdf
[2025-02-02T07:31:56.651Z] D:\WebSite\Apis\api.justice-love-peace.com\src\uploads\delegate_qr\FinalTicket.png
[2025-02-02T07:31:56.652Z] D:\WebSite\Apis\api.justice-love-peace.com\src\uploads\ticket_qr\8DUZ603ZBW.png
[2025-02-02T07:31:56.653Z] D:\WebSite\Apis\api.justice-love-peace.com\src\uploads\delegate_qr\FinalTicket.png
[2025-02-02T07:31:56.654Z] Exists qrCodePath
[2025-02-02T07:31:56.653Z] Exists
[2025-02-02T07:31:57.605Z] Judge. Sameer raghav
[2025-02-02T07:31:56.654Z] D:\WebSite\Apis\api.justice-love-peace.com\src\uploads\ticket_qr\8DUZ603ZBW.png
[2025-02-02T07:31:57.609Z] Delegate
[2025-02-02T07:31:57.606Z] Daas param 
[2025-02-02T07:31:57.619Z] North Halls,Exhibition,Centre (DEC),,Expo City, ,Dubai
[2025-02-02T07:31:57.677Z] D:\WebSite\Apis\api.justice-love-peace.com\src\uploads\Ticket_photo\8DUZ603ZBW.png
[2025-02-02T07:31:57.610Z] 
[2025-02-02T07:32:13.086Z] sucess_;pdf
[2025-02-02T07:57:04.992Z] D:\WebSite\Apis\api.justice-love-peace.com\src\uploads\delegate_qr\FinalTicket.png
[2025-02-02T07:57:04.994Z] Exists
[2025-02-02T07:57:04.993Z] D:\WebSite\Apis\api.justice-love-peace.com\src\uploads\ticket_qr\MWCNBD097W.png
[2025-02-02T07:57:04.994Z] D:\WebSite\Apis\api.justice-love-peace.com\src\uploads\delegate_qr\FinalTicket.png
[2025-02-02T07:57:05.864Z] Judge. Nadeem
[2025-02-02T07:57:04.995Z] Exists qrCodePath
[2025-02-02T07:57:04.995Z] D:\WebSite\Apis\api.justice-love-peace.com\src\uploads\ticket_qr\MWCNBD097W.png
[2025-02-02T07:57:05.867Z] Delegate
[2025-02-02T07:57:05.874Z] North Halls,Exhibition,Centre (DEC),,Expo City, ,Dubai
[2025-02-02T07:57:05.865Z]  Nakade
[2025-02-02T07:57:05.923Z] D:\WebSite\Apis\api.justice-love-peace.com\src\uploads\Ticket_photo\MWCNBD097W.png
[2025-02-02T07:57:05.868Z] 
[2025-02-02T07:57:21.450Z] sucess_;pdf
[2025-02-02T08:51:47.883Z] D:\WebSite\Apis\api.justice-love-peace.com\src\uploads\delegate_qr\FinalTicket.png
[2025-02-02T08:51:47.883Z] D:\WebSite\Apis\api.justice-love-peace.com\src\uploads\ticket_qr\62J4AIAZFL.png
[2025-02-02T08:51:47.884Z] Exists
[2025-02-02T08:51:47.884Z] D:\WebSite\Apis\api.justice-love-peace.com\src\uploads\delegate_qr\FinalTicket.png
[2025-02-02T08:51:47.885Z] D:\WebSite\Apis\api.justice-love-peace.com\src\uploads\ticket_qr\62J4AIAZFL.png
[2025-02-02T08:51:48.795Z] Mr . Uday
[2025-02-02T08:51:47.885Z] Exists qrCodePath
[2025-02-02T08:51:48.795Z] Test Test
[2025-02-02T08:51:48.798Z] Delegate
[2025-02-02T08:51:48.798Z] 
[2025-02-02T08:51:48.804Z] North Halls,Exhibition,Centre (DEC),,Expo City, ,Dubai
[2025-02-02T08:51:48.862Z] D:\WebSite\Apis\api.justice-love-peace.com\src\uploads\Ticket_photo\62J4AIAZFL.png
[2025-02-02T08:52:05.121Z] sucess_;pdf
[2025-02-02T09:20:09.395Z] D:\WebSite\Apis\api.justice-love-peace.com\src\uploads\delegate_qr\FinalTicket.png
[2025-02-02T09:20:09.395Z] D:\WebSite\Apis\api.justice-love-peace.com\src\uploads\ticket_qr\DH84WSQZ9T.png
[2025-02-02T09:20:09.396Z] Exists
[2025-02-02T09:20:09.396Z] D:\WebSite\Apis\api.justice-love-peace.com\src\uploads\delegate_qr\FinalTicket.png
[2025-02-02T09:20:09.397Z] Exists qrCodePath
[2025-02-02T09:20:09.397Z] D:\WebSite\Apis\api.justice-love-peace.com\src\uploads\ticket_qr\DH84WSQZ9T.png
[2025-02-02T09:20:10.276Z] Mr . Uday
[2025-02-02T09:20:10.283Z] Test Test
[2025-02-02T09:20:10.286Z] Delegate
[2025-02-02T09:20:10.286Z] 
[2025-02-02T09:20:10.292Z] North Halls,Exhibition,Centre (DEC),,Expo City, ,Dubai
[2025-02-02T09:20:10.351Z] D:\WebSite\Apis\api.justice-love-peace.com\src\uploads\Ticket_photo\DH84WSQZ9T.png
[2025-02-02T09:20:27.513Z] sucess_;pdf
[2025-02-02T09:23:12.193Z] hi12
[2025-02-02T09:59:24.627Z] Error: No such checkout.session: cs_test_a1tnCAlkYjgxWjWxrbSNrFecsN5oOSRNtKkIgQKnGnHPKovk4WKeViSZr2
    at generateV1Error (D:\WebSite\Apis\api.justice-love-peace.com\node_modules\stripe\cjs\Error.js:11:20)
    at res.toJSON.then.Error_js_1.StripeAPIError.message (D:\WebSite\Apis\api.justice-love-peace.com\node_modules\stripe\cjs\RequestSender.js:108:62)
    at process.processTicksAndRejections (node:internal/process/task_queues:95:5)
[2025-02-02T11:43:00.404Z] Error: No such checkout.session: cs_test_a1tnCAlkYjgxWjWxrbSNrFecsN5oOSRNtKkIgQKnGnHPKovk4WKeViSZr2
    at generateV1Error (D:\WebSite\Apis\api.justice-love-peace.com\node_modules\stripe\cjs\Error.js:11:20)
    at res.toJSON.then.Error_js_1.StripeAPIError.message (D:\WebSite\Apis\api.justice-love-peace.com\node_modules\stripe\cjs\RequestSender.js:108:62)
    at process.processTicksAndRejections (node:internal/process/task_queues:95:5)
[2025-02-02T12:13:57.867Z] Error: No such checkout.session: cs_test_a1tnCAlkYjgxWjWxrbSNrFecsN5oOSRNtKkIgQKnGnHPKovk4WKeViSZr2
    at generateV1Error (D:\WebSite\Apis\api.justice-love-peace.com\node_modules\stripe\cjs\Error.js:11:20)
    at res.toJSON.then.Error_js_1.StripeAPIError.message (D:\WebSite\Apis\api.justice-love-peace.com\node_modules\stripe\cjs\RequestSender.js:108:62)
    at process.processTicksAndRejections (node:internal/process/task_queues:95:5)
[2025-02-02T22:58:12.680Z] hi12
[2025-02-04T03:58:12.838Z] hi12
[2025-02-04T12:59:19.750Z] hi12
[2025-02-04T13:01:12.784Z] hi12
[2025-02-04T13:01:48.179Z] hi12
[2025-02-04T13:01:54.971Z] hi12
[2025-02-04T13:03:50.556Z] hi12
[2025-02-04T13:04:24.805Z] hi12
[2025-02-04T13:07:12.915Z] hi12
[2025-02-04T13:09:12.691Z] hi12
[2025-02-04T13:14:12.948Z] hi12
[2025-02-04T13:17:12.851Z] hi12
[2025-02-05T08:57:58.661Z] hi12
[2025-02-06T05:41:41.584Z] hi12
[2025-02-06T05:44:03.658Z] hi12
[2025-02-06T05:52:03.494Z] hi12
[2025-02-06T06:02:03.284Z] hi12
[2025-02-06T06:14:35.032Z] hi12
[2025-02-06T06:16:42.377Z] hi12
[2025-02-06T09:56:13.295Z] hi12
[2025-02-06T10:30:38.213Z] hi12
[2025-02-06T10:32:38.220Z] hi12
[2025-02-06T10:58:37.763Z] hi12
[2025-02-06T10:58:46.308Z] hi12
[2025-02-06T13:28:13.281Z] hi12
[2025-02-06T13:30:10.790Z] hi12
[2025-02-06T13:30:13.004Z] hi12
[2025-02-06T18:05:45.869Z] hi12
[2025-02-06T18:07:14.183Z] hi12
[2025-02-06T18:07:15.880Z] hi12
[2025-02-07T15:59:15.985Z] hi12
[2025-02-07T17:49:37.589Z] D:\WebSite\Apis\api.justice-love-peace.com\src\uploads\delegate_qr\FinalTicket.png
[2025-02-07T17:49:37.590Z] D:\WebSite\Apis\api.justice-love-peace.com\src\uploads\ticket_qr\UDXHFU5SXX.png
[2025-02-07T17:49:37.591Z] Exists
[2025-02-07T17:49:37.593Z] Exists qrCodePath
[2025-02-07T17:49:37.592Z] D:\WebSite\Apis\api.justice-love-peace.com\src\uploads\delegate_qr\FinalTicket.png
[2025-02-07T17:49:37.594Z] D:\WebSite\Apis\api.justice-love-peace.com\src\uploads\ticket_qr\UDXHFU5SXX.png
[2025-02-07T17:49:38.686Z] Gallagher
[2025-02-07T17:49:38.685Z] Mr. Thomas
[2025-02-07T17:49:38.708Z] North Halls,Exhibition,Centre (DEC),,Expo City, ,Dubai
[2025-02-07T17:49:38.689Z] Delegate
[2025-02-07T17:49:38.766Z] D:\WebSite\Apis\api.justice-love-peace.com\src\uploads\Ticket_photo\UDXHFU5SXX.png
[2025-02-07T17:49:38.690Z] 
[2025-02-07T17:49:58.177Z] sucess_;pdf
[2025-02-08T05:19:13.509Z] hi12
[2025-02-08T05:28:03.630Z] hi12
[2025-02-08T05:28:07.617Z] hi12
[2025-02-08T05:34:30.127Z] D:\WebSite\Apis\api.justice-love-peace.com\src\uploads\delegate_qr\FinalTicket.png
[2025-02-08T05:34:30.129Z] D:\WebSite\Apis\api.justice-love-peace.com\src\uploads\delegate_qr\FinalTicket.png
[2025-02-08T05:34:30.128Z] D:\WebSite\Apis\api.justice-love-peace.com\src\uploads\ticket_qr\GJUFWHPO3Y.png
[2025-02-08T05:34:30.130Z] Exists qrCodePath
[2025-02-08T05:34:30.128Z] Exists
[2025-02-08T05:34:31.243Z] Mr. Sudhanshu
[2025-02-08T05:34:30.130Z] D:\WebSite\Apis\api.justice-love-peace.com\src\uploads\ticket_qr\GJUFWHPO3Y.png
[2025-02-08T05:34:31.249Z] Delegate
[2025-02-08T05:34:31.288Z] North Halls,Exhibition,Centre (DEC),,Expo City, ,Dubai
[2025-02-08T05:34:31.351Z] D:\WebSite\Apis\api.justice-love-peace.com\src\uploads\Ticket_photo\GJUFWHPO3Y.png
[2025-02-08T05:34:31.244Z]  Mishra
[2025-02-08T05:34:31.250Z] 
[2025-02-08T05:34:47.411Z] sucess_;pdf
[2025-02-08T05:57:16.034Z] D:\WebSite\Apis\api.justice-love-peace.com\src\uploads\delegate_qr\FinalTicket.png
[2025-02-08T05:57:16.036Z] D:\WebSite\Apis\api.justice-love-peace.com\src\uploads\ticket_qr\F1T0FDO8UV.png
[2025-02-08T05:57:16.036Z] D:\WebSite\Apis\api.justice-love-peace.com\src\uploads\delegate_qr\FinalTicket.png
[2025-02-08T05:57:16.037Z] Exists qrCodePath
[2025-02-08T05:57:16.036Z] Exists
[2025-02-08T05:57:16.037Z] D:\WebSite\Apis\api.justice-love-peace.com\src\uploads\ticket_qr\F1T0FDO8UV.png
[2025-02-08T05:57:16.937Z] Delegate
[2025-02-08T05:57:16.933Z] Miss. Geeta
[2025-02-08T05:57:16.943Z] North Halls,Exhibition,Centre (DEC),,Expo City, ,Dubai
[2025-02-08T05:57:16.938Z] 
[2025-02-08T05:57:17.008Z] D:\WebSite\Apis\api.justice-love-peace.com\src\uploads\Ticket_photo\F1T0FDO8UV.png
[2025-02-08T05:57:16.934Z] Soni
[2025-02-08T05:57:32.573Z] sucess_;pdf
[2025-02-08T05:58:43.343Z] D:\WebSite\Apis\api.justice-love-peace.com\src\uploads\delegate_qr\FinalTicket.png
[2025-02-08T05:58:43.345Z] Exists
[2025-02-08T05:58:43.344Z] D:\WebSite\Apis\api.justice-love-peace.com\src\uploads\ticket_qr\DZZ6T724OV.png
[2025-02-08T05:58:43.345Z] Exists qrCodePath
[2025-02-08T05:58:43.346Z] D:\WebSite\Apis\api.justice-love-peace.com\src\uploads\ticket_qr\DZZ6T724OV.png
[2025-02-08T05:58:43.345Z] D:\WebSite\Apis\api.justice-love-peace.com\src\uploads\delegate_qr\FinalTicket.png
[2025-02-08T05:58:44.117Z] Me. Nadeem
[2025-02-08T05:58:44.118Z] Nakade
[2025-02-08T05:58:44.120Z] Delegate
[2025-02-08T05:58:44.126Z] North Halls,Exhibition,Centre (DEC),,Expo City, ,Dubai
[2025-02-08T05:58:44.176Z] D:\WebSite\Apis\api.justice-love-peace.com\src\uploads\Ticket_photo\DZZ6T724OV.png
[2025-02-08T05:58:44.121Z] 
[2025-02-08T05:58:59.768Z] sucess_;pdf
[2025-02-08T06:01:32.849Z] hi12
[2025-02-08T07:07:07.765Z] Error: No such checkout.session: cs_test_a1nVylQFe9ieX0w9tu6p859QSXERantTlew9ZabXwMrEft4kPJzDCHdFvW
    at generateV1Error (D:\WebSite\Apis\api.justice-love-peace.com\node_modules\stripe\cjs\Error.js:11:20)
    at res.toJSON.then.Error_js_1.StripeAPIError.message (D:\WebSite\Apis\api.justice-love-peace.com\node_modules\stripe\cjs\RequestSender.js:108:62)
    at process.processTicksAndRejections (node:internal/process/task_queues:95:5)
[2025-02-08T09:01:37.987Z] hi12
[2025-02-08T16:51:58.072Z] hi12
[2025-02-08T16:53:55.141Z] hi12
[2025-02-08T16:55:07.783Z] hi12
[2025-02-08T21:01:48.518Z] hi12
[2025-02-09T07:59:10.655Z] hi12
[2025-02-09T07:59:28.172Z] hi12
[2025-02-09T07:59:59.032Z] hi12
[2025-02-09T18:22:29.681Z] hi12
[2025-02-10T02:02:03.319Z] hi12
[2025-02-10T11:06:29.262Z] hi12
[2025-02-11T06:58:50.596Z] hi12
[2025-02-12T11:58:39.426Z] hi12
[2025-02-12T13:59:32.506Z] hi12
[2025-02-12T13:59:38.597Z] hi12
[2025-02-12T14:02:21.186Z] hi12
[2025-02-13T05:28:04.957Z] hi12
[2025-02-13T12:38:38.841Z] hi12
[2025-02-13T13:14:41.182Z] hi12
[2025-02-13T13:21:46.192Z] hi12
[2025-02-13T13:38:45.104Z] hi12
[2025-02-13T16:58:37.324Z] hi12
[2025-02-14T05:14:31.643Z] Error: No such checkout.session: cs_test_a1bp6DyWQImrMbRlyzgrCWIdyCUVGBF2YNnqu3O1l7Jc4EMZYcRJ076nxy
    at generateV1Error (D:\WebSite\Apis\api.justice-love-peace.com\node_modules\stripe\cjs\Error.js:11:20)
    at res.toJSON.then.Error_js_1.StripeAPIError.message (D:\WebSite\Apis\api.justice-love-peace.com\node_modules\stripe\cjs\RequestSender.js:108:62)
    at process.processTicksAndRejections (node:internal/process/task_queues:95:5)
[2025-02-14T06:33:42.493Z] hi12
[2025-02-14T06:37:06.400Z] hi12
[2025-02-14T10:20:58.386Z] Error: No such checkout.session: cs_test_a1bp6DyWQImrMbRlyzgrCWIdyCUVGBF2YNnqu3O1l7Jc4EMZYcRJ076nxy
    at generateV1Error (D:\WebSite\Apis\api.justice-love-peace.com\node_modules\stripe\cjs\Error.js:11:20)
    at res.toJSON.then.Error_js_1.StripeAPIError.message (D:\WebSite\Apis\api.justice-love-peace.com\node_modules\stripe\cjs\RequestSender.js:108:62)
    at process.processTicksAndRejections (node:internal/process/task_queues:95:5)
[2025-02-14T13:25:40.777Z] Error: No such checkout.session: cs_test_a1Gf6CLyVnpe5FuuyGGM77u8MBg8NGpcgruaMFWkRZ7F5s7mSKCsgn6Jzy
    at generateV1Error (D:\WebSite\Apis\api.justice-love-peace.com\node_modules\stripe\cjs\Error.js:11:20)
    at res.toJSON.then.Error_js_1.StripeAPIError.message (D:\WebSite\Apis\api.justice-love-peace.com\node_modules\stripe\cjs\RequestSender.js:108:62)
    at process.processTicksAndRejections (node:internal/process/task_queues:95:5)
[2025-02-14T17:09:55.550Z] Error: No such checkout.session: cs_test_a1bp6DyWQImrMbRlyzgrCWIdyCUVGBF2YNnqu3O1l7Jc4EMZYcRJ076nxy
    at generateV1Error (D:\WebSite\Apis\api.justice-love-peace.com\node_modules\stripe\cjs\Error.js:11:20)
    at res.toJSON.then.Error_js_1.StripeAPIError.message (D:\WebSite\Apis\api.justice-love-peace.com\node_modules\stripe\cjs\RequestSender.js:108:62)
    at process.processTicksAndRejections (node:internal/process/task_queues:95:5)
[2025-02-14T17:09:55.557Z] Error: No such checkout.session: cs_test_a1Gf6CLyVnpe5FuuyGGM77u8MBg8NGpcgruaMFWkRZ7F5s7mSKCsgn6Jzy
    at generateV1Error (D:\WebSite\Apis\api.justice-love-peace.com\node_modules\stripe\cjs\Error.js:11:20)
    at res.toJSON.then.Error_js_1.StripeAPIError.message (D:\WebSite\Apis\api.justice-love-peace.com\node_modules\stripe\cjs\RequestSender.js:108:62)
    at process.processTicksAndRejections (node:internal/process/task_queues:95:5)
[2025-02-14T21:47:29.680Z] hi12
[2025-02-14T22:29:42.291Z] hi12
[2025-02-15T00:38:48.490Z] hi12
[2025-02-15T09:41:45.048Z] hi12
[2025-02-15T09:44:59.059Z] hi12
[2025-02-15T10:11:26.361Z] hi12
[2025-02-15T10:13:57.426Z] hi12
[2025-02-15T10:15:06.849Z] hi12
[2025-02-15T10:22:06.635Z] hi12
[2025-02-15T10:22:30.465Z] hi12
[2025-02-15T10:23:06.645Z] hi12
[2025-02-15T10:25:50.869Z] hi12
[2025-02-15T10:26:06.511Z] hi12
[2025-02-15T10:28:06.779Z] hi12
[2025-02-15T10:28:22.352Z] hi12
[2025-02-15T10:30:06.863Z] hi12
[2025-02-15T10:39:06.981Z] hi12
[2025-02-15T10:39:31.565Z] hi12
[2025-02-15T10:40:05.667Z] hi12
[2025-02-15T10:44:06.739Z] hi12
[2025-02-15T10:48:06.736Z] hi12
[2025-02-15T10:53:06.827Z] hi12
[2025-02-15T10:58:19.953Z] hi12
[2025-02-15T11:00:06.730Z] hi12
[2025-02-15T11:03:06.821Z] hi12
[2025-02-15T11:24:00.391Z] hi12
[2025-02-15T11:33:18.852Z] hi12
[2025-02-15T11:34:01.743Z] hi12
[2025-02-15T11:43:22.772Z] hi12
[2025-02-15T11:44:04.598Z] hi12
[2025-02-15T13:00:55.474Z] hi12
[2025-02-15T13:01:26.542Z] hi12
[2025-02-15T13:02:09.541Z] hi12
[2025-02-15T13:09:15.982Z] hi12
[2025-02-15T13:11:07.388Z] hi12
[2025-02-15T13:11:14.660Z] hi12
[2025-02-15T13:11:17.460Z] hi12
[2025-02-15T13:11:29.279Z] hi12
[2025-02-15T13:12:39.233Z] hi12
[2025-02-15T13:13:37.384Z] hi12
[2025-02-15T13:18:04.939Z] hi12
[2025-02-15T13:20:52.966Z] hi12
[2025-02-15T13:22:14.137Z] hi12
[2025-02-15T13:24:54.722Z] hi12
[2025-02-15T13:25:03.373Z] hi12
[2025-02-15T13:25:08.299Z] hi12
[2025-02-15T13:26:57.756Z] hi12
[2025-02-15T13:27:50.034Z] hi12
[2025-02-15T13:28:14.555Z] hi12
[2025-02-15T13:31:27.537Z] hi12
[2025-02-15T13:35:00.391Z] hi12
[2025-02-15T13:35:10.409Z] hi12
[2025-02-15T13:36:48.428Z] hi12
[2025-02-15T13:38:17.531Z] hi12
[2025-02-15T13:42:33.077Z] hi12
[2025-02-15T13:45:44.238Z] hi12
[2025-02-15T13:48:28.324Z] hi12
[2025-02-15T13:49:49.641Z] hi12
[2025-02-15T13:51:30.445Z] hi12
[2025-02-15T13:56:23.645Z] hi12
[2025-02-15T13:56:54.971Z] hi12
[2025-02-15T14:00:25.226Z] hi12
[2025-02-15T14:00:28.041Z] hi12
[2025-02-15T14:01:17.942Z] hi12
[2025-02-15T14:02:07.172Z] hi12
[2025-02-15T14:29:28.595Z] hi12
[2025-02-15T14:29:45.231Z] hi12
[2025-02-15T14:43:00.441Z] hi12
[2025-02-15T14:43:59.958Z] hi12
[2025-02-15T14:54:43.109Z] hi12
[2025-02-15T14:59:01.358Z] hi12
[2025-02-15T15:00:59.401Z] hi12
[2025-02-15T15:12:28.669Z] hi12
[2025-02-15T15:46:28.839Z] hi12
[2025-02-15T16:05:15.721Z] hi12
[2025-02-15T16:11:45.348Z] hi12
[2025-02-15T16:14:13.108Z] hi12
[2025-02-15T16:15:32.638Z] hi12
[2025-02-15T16:16:14.640Z] hi12
[2025-02-15T16:19:49.030Z] hi12
[2025-02-15T16:43:36.219Z] hi12
[2025-02-15T16:43:39.265Z] hi12
[2025-02-15T16:58:44.123Z] hi12
[2025-02-15T17:01:27.752Z] hi12
[2025-02-15T18:21:01.047Z] hi12
[2025-02-15T18:57:22.536Z] hi12
[2025-02-15T19:01:06.607Z] hi12
[2025-02-15T19:25:58.061Z] hi12
[2025-02-15T21:42:43.836Z] hi12
[2025-02-16T00:04:55.326Z] hi12
[2025-02-16T00:42:58.927Z] hi12
[2025-02-16T05:07:40.858Z] hi12
[2025-02-16T05:32:46.597Z] hi12
[2025-02-16T05:32:53.880Z] hi12
[2025-02-16T07:02:53.514Z] hi12
[2025-02-16T08:22:45.392Z] hi12
[2025-02-16T13:59:59.209Z] hi12
[2025-02-16T14:50:55.793Z] hi12
[2025-02-16T19:37:44.092Z] hi12
[2025-02-16T19:38:18.037Z] hi12
[2025-02-17T04:26:40.950Z] hi12
[2025-02-17T04:40:26.830Z] hi12
[2025-02-17T04:44:46.666Z] hi12
[2025-02-17T04:53:48.937Z] hi12
[2025-02-17T05:02:23.063Z] hi12
[2025-02-17T05:43:08.740Z] hi12
[2025-02-17T08:56:59.829Z] hi12
[2025-02-17T09:57:56.438Z] hi12
[2025-02-17T09:58:49.626Z] hi12
[2025-02-17T09:59:50.522Z] hi12
[2025-02-17T10:02:31.752Z] hi12
[2025-02-17T10:09:28.895Z] hi12
[2025-02-17T10:17:24.564Z] hi12
[2025-02-17T10:18:14.521Z] hi12
[2025-02-17T10:18:28.524Z] hi12
[2025-02-17T10:20:55.718Z] hi12
[2025-02-17T10:23:47.984Z] hi12
[2025-02-17T10:23:49.197Z] hi12
[2025-02-17T10:29:42.534Z] hi12
[2025-02-17T10:32:55.215Z] hi12
[2025-02-17T10:36:06.069Z] hi12
[2025-02-17T10:36:45.783Z] hi12
[2025-02-17T10:37:16.810Z] hi12
[2025-02-17T10:38:03.912Z] hi12
[2025-02-17T10:42:37.325Z] hi12
[2025-02-17T11:07:00.519Z] hi12
[2025-02-17T11:12:23.425Z] hi12
[2025-02-17T11:18:50.409Z] hi12
[2025-02-17T11:19:21.134Z] hi12
[2025-02-17T11:21:50.340Z] hi12
[2025-02-17T11:31:11.126Z] hi12
[2025-02-17T11:32:05.221Z] hi12
[2025-02-17T11:32:23.689Z] hi12
[2025-02-17T11:34:27.548Z] hi12
[2025-02-17T11:42:57.976Z] hi12
[2025-02-17T12:28:55.641Z] hi12
[2025-02-17T12:29:01.207Z] hi12
[2025-02-17T12:33:44.460Z] hi12
[2025-02-17T12:36:31.118Z] hi12
[2025-02-17T12:38:12.171Z] hi12
[2025-02-17T14:08:21.670Z] hi12
[2025-02-17T14:48:37.025Z] hi12
[2025-02-17T14:59:09.337Z] hi12
[2025-02-17T15:01:05.850Z] hi12
[2025-02-17T15:03:33.953Z] hi12
[2025-02-17T15:15:48.871Z] hi12
[2025-02-17T15:16:02.196Z] hi12
[2025-02-17T15:39:04.971Z] hi12
[2025-02-17T16:34:32.008Z] hi12
[2025-02-17T16:34:33.263Z] hi12
[2025-02-17T16:42:50.843Z] hi12
[2025-02-17T16:54:54.050Z] hi12
[2025-02-17T16:54:55.271Z] hi12
[2025-02-17T17:05:39.915Z] hi12
[2025-02-17T17:05:43.096Z] hi12
[2025-02-17T17:07:33.935Z] hi12
[2025-02-17T17:07:35.683Z] hi12
[2025-02-17T17:50:11.145Z] hi12
[2025-02-17T17:50:19.618Z] hi12
[2025-02-17T17:50:21.756Z] hi12
[2025-02-17T17:51:50.273Z] D:\WebSite\Apis\api.justice-love-peace.com\src\uploads\ticket_qr\CR9RBK4HJQ.png
[2025-02-17T17:51:50.274Z] Exists
[2025-02-17T17:51:50.272Z] D:\WebSite\Apis\api.justice-love-peace.com\src\uploads\delegate_qr\FinalTicket.png
[2025-02-17T17:51:50.275Z] Exists qrCodePath
[2025-02-17T17:51:50.275Z] D:\WebSite\Apis\api.justice-love-peace.com\src\uploads\ticket_qr\CR9RBK4HJQ.png
[2025-02-17T17:51:50.274Z] D:\WebSite\Apis\api.justice-love-peace.com\src\uploads\delegate_qr\FinalTicket.png
[2025-02-17T17:51:51.183Z] Mr. Uday
[2025-02-17T17:51:51.193Z] 
[2025-02-17T17:51:51.188Z] Delegate
[2025-02-17T17:51:51.260Z] D:\WebSite\Apis\api.justice-love-peace.com\src\uploads\Ticket_photo\CR9RBK4HJQ.png
[2025-02-17T17:51:51.212Z] North Halls,Exhibition,Centre (DEC),,Expo City, ,Dubai
[2025-02-17T17:51:51.184Z] Shimpi
[2025-02-17T17:52:08.962Z] sucess_;pdf
[2025-02-17T17:53:54.940Z] hi12
[2025-02-17T17:55:43.947Z] hi12
[2025-02-17T17:57:29.971Z] hi12
[2025-02-17T18:02:08.478Z] D:\WebSite\Apis\api.justice-love-peace.com\src\uploads\delegate_qr\FinalTicket.png
[2025-02-17T18:02:08.479Z] D:\WebSite\Apis\api.justice-love-peace.com\src\uploads\ticket_qr\H4PJ9W02XU-NOM.png
[2025-02-17T18:02:08.480Z] Exists
[2025-02-17T18:02:08.481Z] Exists qrCodePath
[2025-02-17T18:02:08.480Z] D:\WebSite\Apis\api.justice-love-peace.com\src\uploads\delegate_qr\FinalTicket.png
[2025-02-17T18:02:08.481Z] D:\WebSite\Apis\api.justice-love-peace.com\src\uploads\ticket_qr\H4PJ9W02XU-NOM.png
[2025-02-17T18:02:09.542Z]  Ramesh
[2025-02-17T18:02:09.547Z] Delegate
[2025-02-17T18:02:09.548Z] 
[2025-02-17T18:02:09.544Z] 
[2025-02-17T18:02:09.576Z] North Halls,Exhibition,Centre (DEC),,Expo City, ,Dubai
[2025-02-17T18:02:09.635Z] D:\WebSite\Apis\api.justice-love-peace.com\src\uploads\Ticket_photo\H4PJ9W02XU-NOM.png
[2025-02-17T18:02:19.965Z] D:\WebSite\Apis\api.justice-love-peace.com\src\uploads\delegate_qr\FinalTicket.png
[2025-02-17T18:02:19.966Z] D:\WebSite\Apis\api.justice-love-peace.com\src\uploads\ticket_qr\H4PJ9W02XU.png
[2025-02-17T18:02:19.967Z] Exists
[2025-02-17T18:02:19.968Z] D:\WebSite\Apis\api.justice-love-peace.com\src\uploads\delegate_qr\FinalTicket.png
[2025-02-17T18:02:19.969Z] Exists qrCodePath
[2025-02-17T18:02:19.970Z] D:\WebSite\Apis\api.justice-love-peace.com\src\uploads\ticket_qr\H4PJ9W02XU.png
[2025-02-17T18:02:20.959Z] Mr Rupesh
[2025-02-17T18:02:20.963Z] Delegate
[2025-02-17T18:02:20.961Z] Narkar
[2025-02-17T18:02:20.970Z] North Halls,Exhibition,Centre (DEC),,Expo City, ,Dubai
[2025-02-17T18:02:21.025Z] D:\WebSite\Apis\api.justice-love-peace.com\src\uploads\Ticket_photo\H4PJ9W02XU.png
[2025-02-17T18:02:20.964Z] 
[2025-02-17T18:02:37.601Z] sucess_;pdf
[2025-02-17T18:02:44.133Z] sucess_;pdf
[2025-02-17T18:16:40.651Z] hi12
[2025-02-17T18:17:44.918Z] D:\WebSite\Apis\api.justice-love-peace.com\src\uploads\delegate_qr\FinalTicket.png
[2025-02-17T18:17:44.921Z] D:\WebSite\Apis\api.justice-love-peace.com\src\uploads\delegate_qr\FinalTicket.png
[2025-02-17T18:17:44.919Z] D:\WebSite\Apis\api.justice-love-peace.com\src\uploads\ticket_qr\I0CYQU4QAV-NOM.png
[2025-02-17T18:17:44.922Z] Exists qrCodePath
[2025-02-17T18:17:44.920Z] Exists
[2025-02-17T18:17:44.922Z] D:\WebSite\Apis\api.justice-love-peace.com\src\uploads\ticket_qr\I0CYQU4QAV-NOM.png
[2025-02-17T18:17:45.526Z]  Sameer
[2025-02-17T18:17:45.531Z] Delegate
[2025-02-17T18:17:45.553Z] North Halls,Exhibition,Centre (DEC),,Expo City, ,Dubai
[2025-02-17T18:17:45.527Z]  
[2025-02-17T18:17:45.639Z] D:\WebSite\Apis\api.justice-love-peace.com\src\uploads\Ticket_photo\I0CYQU4QAV-NOM.png
[2025-02-17T18:17:45.531Z] 
[2025-02-17T18:17:49.678Z] D:\WebSite\Apis\api.justice-love-peace.com\src\uploads\delegate_qr\FinalTicket.png
[2025-02-17T18:17:49.679Z] Exists
[2025-02-17T18:17:49.679Z] D:\WebSite\Apis\api.justice-love-peace.com\src\uploads\ticket_qr\I0CYQU4QAV.png
[2025-02-17T18:17:49.680Z] D:\WebSite\Apis\api.justice-love-peace.com\src\uploads\delegate_qr\FinalTicket.png
[2025-02-17T18:17:49.680Z] Exists qrCodePath
[2025-02-17T18:17:49.681Z] D:\WebSite\Apis\api.justice-love-peace.com\src\uploads\ticket_qr\I0CYQU4QAV.png
[2025-02-17T18:17:50.238Z] Mr nadeem
[2025-02-17T18:17:50.241Z] Delegate
[2025-02-17T18:17:50.239Z] nakade
[2025-02-17T18:17:50.241Z] 
[2025-02-17T18:17:50.246Z] North Halls,Exhibition,Centre (DEC),,Expo City, ,Dubai
[2025-02-17T18:17:50.300Z] D:\WebSite\Apis\api.justice-love-peace.com\src\uploads\Ticket_photo\I0CYQU4QAV.png
[2025-02-17T18:18:00.098Z] sucess_;pdf
[2025-02-17T18:18:05.839Z] sucess_;pdf
[2025-02-17T18:32:15.694Z] hi12
[2025-02-17T18:32:17.447Z] hi12
[2025-02-17T18:42:39.037Z] hi12
[2025-02-17T18:42:40.343Z] hi12
[2025-02-17T19:12:56.100Z] D:\WebSite\Apis\api.justice-love-peace.com\src\uploads\delegate_qr\FinalTicket.png
[2025-02-17T19:12:56.103Z] D:\WebSite\Apis\api.justice-love-peace.com\src\uploads\ticket_qr\S1HAM8THV7.png
[2025-02-17T19:12:56.105Z] Exists
[2025-02-17T19:12:56.106Z] Exists qrCodePath
[2025-02-17T19:12:56.105Z] D:\WebSite\Apis\api.justice-love-peace.com\src\uploads\delegate_qr\FinalTicket.png
[2025-02-17T19:12:56.732Z] Mr. Rupesh
[2025-02-17T19:12:56.106Z] D:\WebSite\Apis\api.justice-love-peace.com\src\uploads\ticket_qr\S1HAM8THV7.png
[2025-02-17T19:12:56.733Z] Narkar
[2025-02-17T19:12:56.736Z] Delegate
[2025-02-17T19:12:56.758Z] North Halls,Exhibition,Centre (DEC),,Expo City, ,Dubai
[2025-02-17T19:12:56.820Z] D:\WebSite\Apis\api.justice-love-peace.com\src\uploads\Ticket_photo\S1HAM8THV7.png
[2025-02-17T19:12:56.737Z] 
[2025-02-17T19:13:06.922Z] sucess_;pdf
[2025-02-17T19:24:01.713Z] D:\WebSite\Apis\api.justice-love-peace.com\src\uploads\delegate_qr\FinalTicket.png
[2025-02-17T19:24:01.714Z] D:\WebSite\Apis\api.justice-love-peace.com\src\uploads\ticket_qr\23GFU85VRV.png
[2025-02-17T19:24:01.715Z] D:\WebSite\Apis\api.justice-love-peace.com\src\uploads\delegate_qr\FinalTicket.png
[2025-02-17T19:24:01.715Z] Exists
[2025-02-17T19:24:01.716Z] Exists qrCodePath
[2025-02-17T19:24:01.716Z] D:\WebSite\Apis\api.justice-love-peace.com\src\uploads\ticket_qr\23GFU85VRV.png
[2025-02-17T19:24:02.138Z] Delegate
[2025-02-17T19:24:02.135Z] Narkar
[2025-02-17T19:24:02.134Z] Mr. Rupesh
[2025-02-17T19:24:02.145Z] North Halls,Exhibition,Centre (DEC),,Expo City, ,Dubai
[2025-02-17T19:24:02.202Z] D:\WebSite\Apis\api.justice-love-peace.com\src\uploads\Ticket_photo\23GFU85VRV.png
[2025-02-17T19:24:02.138Z] 
[2025-02-17T19:24:12.739Z] sucess_;pdf
[2025-02-17T19:26:39.934Z] hi12
[2025-02-17T19:39:52.794Z] hi12
[2025-02-17T19:39:55.044Z] hi12
[2025-02-17T19:40:03.993Z] hi12
[2025-02-18T06:06:13.350Z] hi12
[2025-02-18T06:07:13.219Z] hi12
[2025-02-18T06:15:10.528Z] Error: No such checkout.session: cs_test_a1Wro4UScN3aUrR9s8EcSi7xWum5pPbOnnDBSQRn2m9ZTLIMCL0cwM9haP
    at generateV1Error (D:\WebSite\Apis\api.justice-love-peace.com\node_modules\stripe\cjs\Error.js:11:20)
    at res.toJSON.then.Error_js_1.StripeAPIError.message (D:\WebSite\Apis\api.justice-love-peace.com\node_modules\stripe\cjs\RequestSender.js:108:62)
    at process.processTicksAndRejections (node:internal/process/task_queues:95:5)
[2025-02-18T11:01:36.038Z] hi12
[2025-02-18T11:04:04.375Z] hi12
[2025-02-18T11:29:17.991Z] hi12
[2025-02-18T11:52:25.260Z] hi12
[2025-02-18T22:50:12.061Z] hi12
[2025-02-19T06:25:37.900Z] hi12
[2025-02-19T06:29:18.901Z] hi12
[2025-02-19T06:29:22.410Z] hi12
[2025-02-19T08:47:21.891Z] hi12
[2025-02-19T08:48:50.311Z] hi12
[2025-02-19T11:14:11.725Z] hi12
[2025-02-19T15:28:39.263Z] hi12
[2025-02-20T03:50:09.023Z] hi12
[2025-02-20T06:26:52.403Z] hi12
[2025-02-20T06:41:42.922Z] hi12
[2025-02-20T07:16:49.423Z] Error: No such checkout.session: No session_id
    at generateV1Error (D:\WebSite\Apis\api.justice-love-peace.com\node_modules\stripe\cjs\Error.js:11:20)
    at res.toJSON.then.Error_js_1.StripeAPIError.message (D:\WebSite\Apis\api.justice-love-peace.com\node_modules\stripe\cjs\RequestSender.js:108:62)
    at process.processTicksAndRejections (node:internal/process/task_queues:95:5)
[2025-02-20T08:00:06.403Z] Error: No such checkout.session: No session_id
    at generateV1Error (D:\WebSite\Apis\api.justice-love-peace.com\node_modules\stripe\cjs\Error.js:11:20)
    at res.toJSON.then.Error_js_1.StripeAPIError.message (D:\WebSite\Apis\api.justice-love-peace.com\node_modules\stripe\cjs\RequestSender.js:108:62)
    at process.processTicksAndRejections (node:internal/process/task_queues:95:5)
[2025-02-20T08:00:32.454Z] Error: No such checkout.session: No session_id
    at generateV1Error (D:\WebSite\Apis\api.justice-love-peace.com\node_modules\stripe\cjs\Error.js:11:20)
    at res.toJSON.then.Error_js_1.StripeAPIError.message (D:\WebSite\Apis\api.justice-love-peace.com\node_modules\stripe\cjs\RequestSender.js:108:62)
    at process.processTicksAndRejections (node:internal/process/task_queues:95:5)
[2025-02-20T08:01:21.025Z] Error: No such checkout.session: No session_id
    at generateV1Error (D:\WebSite\Apis\api.justice-love-peace.com\node_modules\stripe\cjs\Error.js:11:20)
    at res.toJSON.then.Error_js_1.StripeAPIError.message (D:\WebSite\Apis\api.justice-love-peace.com\node_modules\stripe\cjs\RequestSender.js:108:62)
    at process.processTicksAndRejections (node:internal/process/task_queues:95:5)
[2025-02-20T08:01:26.216Z] Error: No such checkout.session: No session_id
    at generateV1Error (D:\WebSite\Apis\api.justice-love-peace.com\node_modules\stripe\cjs\Error.js:11:20)
    at res.toJSON.then.Error_js_1.StripeAPIError.message (D:\WebSite\Apis\api.justice-love-peace.com\node_modules\stripe\cjs\RequestSender.js:108:62)
    at process.processTicksAndRejections (node:internal/process/task_queues:95:5)
[2025-02-20T08:01:42.239Z] Error: No such checkout.session: No session_id
    at generateV1Error (D:\WebSite\Apis\api.justice-love-peace.com\node_modules\stripe\cjs\Error.js:11:20)
    at res.toJSON.then.Error_js_1.StripeAPIError.message (D:\WebSite\Apis\api.justice-love-peace.com\node_modules\stripe\cjs\RequestSender.js:108:62)
    at process.processTicksAndRejections (node:internal/process/task_queues:95:5)
[2025-02-20T08:02:27.859Z] Error: No such checkout.session: No session_id
    at generateV1Error (D:\WebSite\Apis\api.justice-love-peace.com\node_modules\stripe\cjs\Error.js:11:20)
    at res.toJSON.then.Error_js_1.StripeAPIError.message (D:\WebSite\Apis\api.justice-love-peace.com\node_modules\stripe\cjs\RequestSender.js:108:62)
    at process.processTicksAndRejections (node:internal/process/task_queues:95:5)
[2025-02-20T18:27:43.142Z] hi12
[2025-02-21T08:50:12.594Z] hi12
[2025-02-21T10:05:24.699Z] hi12
[2025-02-21T10:06:29.933Z] hi12
[2025-02-21T10:20:01.797Z] hi12
[2025-02-21T10:20:04.343Z] hi12
[2025-02-21T10:20:08.325Z] hi12
[2025-02-23T07:43:47.230Z] hi12
